demo/build/intermediates/manifest_merge_blame_file/debug/manifest-merger-blame-debug-report.txt
1<?xml version="1.0" encoding="utf-8"?>
2<manifest xmlns:android="http://schemas.android.com/apk/res/android"
3    package="com.netease.nim.demo"
4    android:installLocation="auto"
5    android:versionCode="140"
6    android:versionName="8.0.0" >
7
8    <uses-sdk
9        android:minSdkVersion="22"
9-->src\main\AndroidManifest.xml
10        android:targetSdkVersion="28" />
10-->src\main\AndroidManifest.xml
11
12    <uses-permission android:name="com.coloros.mcs.permission.RECIEVE_MCS_MESSAGE" />
12-->[com.heytap.msp-push-2.1.0.aar] AndroidManifest.xml:11:5-86
12-->[com.heytap.msp-push-2.1.0.aar] AndroidManifest.xml:11:22-83
13    <uses-permission android:name="android.permission.INTERNET" />
13-->[nim_ysfkit_8.0.0.aar] AndroidManifest.xml:11:5-67
13-->[nim_ysfkit_8.0.0.aar] AndroidManifest.xml:11:22-64
14    <uses-permission android:name="android.permission.ACCESS_NETWORK_STATE" />
14-->[nim_ysfkit_8.0.0.aar] AndroidManifest.xml:12:5-79
14-->[nim_ysfkit_8.0.0.aar] AndroidManifest.xml:12:22-76
15    <uses-permission android:name="android.permission.ACCESS_WIFI_STATE" />
15-->[nim_ysfkit_8.0.0.aar] AndroidManifest.xml:13:5-76
15-->[nim_ysfkit_8.0.0.aar] AndroidManifest.xml:13:22-73
16    <uses-permission android:name="android.permission.VIBRATE" />
16-->[nim_ysfkit_8.0.0.aar] AndroidManifest.xml:14:5-66
16-->[nim_ysfkit_8.0.0.aar] AndroidManifest.xml:14:22-63
17    <uses-permission android:name="android.permission.WAKE_LOCK" />
17-->[nim_ysfkit_8.0.0.aar] AndroidManifest.xml:15:5-68
17-->[nim_ysfkit_8.0.0.aar] AndroidManifest.xml:15:22-65
18    <uses-permission android:name="android.permission.MODIFY_AUDIO_SETTINGS" /> <!-- 读写文件 -->
18-->[nim_ysfkit_8.0.0.aar] AndroidManifest.xml:16:5-80
18-->[nim_ysfkit_8.0.0.aar] AndroidManifest.xml:16:22-77
19    <uses-permission android:name="android.permission.READ_EXTERNAL_STORAGE" />
19-->[nim_ysfkit_8.0.0.aar] AndroidManifest.xml:19:5-80
19-->[nim_ysfkit_8.0.0.aar] AndroidManifest.xml:19:22-77
20    <uses-permission android:name="android.permission.WRITE_EXTERNAL_STORAGE" /> <!-- 多媒体 -->
20-->[nim_ysfkit_8.0.0.aar] AndroidManifest.xml:20:5-81
20-->[nim_ysfkit_8.0.0.aar] AndroidManifest.xml:20:22-78
21    <uses-permission android:name="android.permission.CAMERA" />
21-->[nim_ysfkit_8.0.0.aar] AndroidManifest.xml:23:5-65
21-->[nim_ysfkit_8.0.0.aar] AndroidManifest.xml:23:22-62
22    <uses-permission android:name="android.permission.RECORD_AUDIO" /> <!-- 访问多媒体文件的权限 Android 10 上面使用的 -->
22-->[nim_ysfkit_8.0.0.aar] AndroidManifest.xml:24:5-71
22-->[nim_ysfkit_8.0.0.aar] AndroidManifest.xml:24:22-68
23    <uses-permission android:name="android.permission.READ_MEDIA_AUDIO" />
23-->[nim_ysfkit_8.0.0.aar] AndroidManifest.xml:27:5-75
23-->[nim_ysfkit_8.0.0.aar] AndroidManifest.xml:27:22-72
24    <uses-permission android:name="android.permission.READ_MEDIA_IMAGES" />
24-->[nim_ysfkit_8.0.0.aar] AndroidManifest.xml:28:5-76
24-->[nim_ysfkit_8.0.0.aar] AndroidManifest.xml:28:22-73
25    <uses-permission android:name="android.permission.READ_MEDIA_VIDEO" /> <!-- 8.0安装应用需要此权限 -->
25-->[nim_ysfkit_8.0.0.aar] AndroidManifest.xml:29:5-75
25-->[nim_ysfkit_8.0.0.aar] AndroidManifest.xml:29:22-72
26    <uses-permission android:name="android.permission.REQUEST_INSTALL_PACKAGES" />
26-->[nim_ysfkit_8.0.0.aar] AndroidManifest.xml:32:5-83
26-->[nim_ysfkit_8.0.0.aar] AndroidManifest.xml:32:22-80
27
28    <uses-feature
28-->[nim_ysfkit_8.0.0.aar] AndroidManifest.xml:34:5-36:36
29        android:name="android.hardware.microphone"
29-->[nim_ysfkit_8.0.0.aar] AndroidManifest.xml:35:9-51
30        android:required="false" />
30-->[nim_ysfkit_8.0.0.aar] AndroidManifest.xml:36:9-33
31    <uses-feature
31-->[nim_ysfkit_8.0.0.aar] AndroidManifest.xml:37:5-39:36
32        android:name="android.hardware.camera"
32-->[nim_ysfkit_8.0.0.aar] AndroidManifest.xml:38:9-47
33        android:required="false" /> <!-- To allow starting foreground services on Android P+ - https://developer.android.com/preview/behavior-changes#fg-svc -->
33-->[nim_ysfkit_8.0.0.aar] AndroidManifest.xml:39:9-33
34    <uses-permission android:name="android.permission.FOREGROUND_SERVICE" />
34-->[com.squareup.leakcanary:leakcanary-android:1.6.3] AndroidManifest.xml:26:5-77
34-->[com.squareup.leakcanary:leakcanary-android:1.6.3] AndroidManifest.xml:26:22-74
35    <uses-permission android:name="android.permission.ACCESS_COARSE_LOCATION" /> <!-- 要检查用户权限 -->
35-->[:jrmfRpWalletlib] AndroidManifest.xml:11:5-81
35-->[:jrmfRpWalletlib] AndroidManifest.xml:11:22-78
36    <uses-permission android:name="android.permission.READ_PHONE_STATE" />
36-->[:jrmfRpWalletlib] AndroidManifest.xml:16:5-75
36-->[:jrmfRpWalletlib] AndroidManifest.xml:16:22-72
37
38    <permission
38-->[com.huawei.hms:push:4.0.4.301] AndroidManifest.xml:9:5-11:55
39        android:name="com.netease.nim.demo.permission.PROCESS_PUSH_MSG"
39-->[com.huawei.hms:push:4.0.4.301] AndroidManifest.xml:10:9-68
40        android:protectionLevel="signatureOrSystem" /> <!-- PUSH_PROVIDER and PUSH_WRITE_PROVIDER are both provider registered permissions for the notification switch. -->
40-->[com.huawei.hms:push:4.0.4.301] AndroidManifest.xml:11:9-52
41    <!-- The SDK's notification bar switch, EMUI 9.x becomes write to the local sp, sharing the file through the provider to the push-rom, which reads the sp file to get the status of the notification bar switch. -->
42    <permission
42-->[com.huawei.hms:push:4.0.4.301] AndroidManifest.xml:14:5-16:55
43        android:name="com.netease.nim.demo.permission.PUSH_PROVIDER"
43-->[com.huawei.hms:push:4.0.4.301] AndroidManifest.xml:15:9-65
44        android:protectionLevel="signatureOrSystem" />
44-->[com.huawei.hms:push:4.0.4.301] AndroidManifest.xml:16:9-52
45    <permission
45-->[com.huawei.hms:push:4.0.4.301] AndroidManifest.xml:17:5-19:55
46        android:name="com.netease.nim.demo.permission.PUSH_WRITE_PROVIDER"
46-->[com.huawei.hms:push:4.0.4.301] AndroidManifest.xml:18:9-71
47        android:protectionLevel="signatureOrSystem" />
47-->[com.huawei.hms:push:4.0.4.301] AndroidManifest.xml:19:9-52
48
49    <uses-permission android:name="com.netease.nim.demo.permission.PROCESS_PUSH_MSG" />
49-->[com.huawei.hms:push:4.0.4.301] AndroidManifest.xml:21:5-84
49-->[com.huawei.hms:push:4.0.4.301] AndroidManifest.xml:21:22-81
50    <uses-permission android:name="com.netease.nim.demo.permission.PUSH_PROVIDER" /> <!-- Required by older versions of Google Play services to create IID tokens -->
50-->[com.huawei.hms:push:4.0.4.301] AndroidManifest.xml:22:5-81
50-->[com.huawei.hms:push:4.0.4.301] AndroidManifest.xml:22:22-78
51    <uses-permission android:name="com.google.android.c2dm.permission.RECEIVE" />
51-->[com.google.firebase:firebase-iid:20.0.2] AndroidManifest.xml:26:5-82
51-->[com.google.firebase:firebase-iid:20.0.2] AndroidManifest.xml:26:22-79
52    <uses-permission android:name="android.permission.CHANGE_WIFI_STATE" /> <!-- 定位相关 -->
52-->[:netease-nimsdk] AndroidManifest.xml:18:5-76
52-->[:netease-nimsdk] AndroidManifest.xml:18:22-73
53    <uses-permission android:name="android.permission.ACCESS_FINE_LOCATION" />
53-->[:netease-nimsdk] AndroidManifest.xml:25:5-79
53-->[:netease-nimsdk] AndroidManifest.xml:25:22-76
54    <uses-permission android:name="android.permission.ACCESS_LOCATION_EXTRA_COMMANDS" />
54-->[:netease-nimsdk] AndroidManifest.xml:27:5-89
54-->[:netease-nimsdk] AndroidManifest.xml:27:22-86
55    <uses-permission android:name="android.permission.BLUETOOTH" />
55-->[:netease-nimsdk] AndroidManifest.xml:33:5-68
55-->[:netease-nimsdk] AndroidManifest.xml:33:22-65
56    <uses-permission android:name="android.permission.BLUETOOTH_ADMIN" /> <!-- 手机状态 -->
56-->[:netease-nimsdk] AndroidManifest.xml:34:5-74
56-->[:netease-nimsdk] AndroidManifest.xml:34:22-71
57    <uses-permission android:name="android.permission.GET_TASKS" />
57-->[:netease-nimsdk] AndroidManifest.xml:37:5-68
57-->[:netease-nimsdk] AndroidManifest.xml:37:22-65
58    <uses-permission android:name="android.permission.FLASHLIGHT" />
58-->[:netease-nimsdk] AndroidManifest.xml:38:5-69
58-->[:netease-nimsdk] AndroidManifest.xml:38:22-66
59    <uses-permission android:name="android.permission.CHANGE_CONFIGURATION" />
59-->[:netease-nimsdk] AndroidManifest.xml:40:5-42:47
59-->[:netease-nimsdk] AndroidManifest.xml:41:9-63
60    <uses-permission android:name="android.permission.WRITE_SETTINGS" />
60-->[:netease-nimsdk] AndroidManifest.xml:44:5-46:47
60-->[:netease-nimsdk] AndroidManifest.xml:45:9-57
61    <uses-permission android:name="android.permission.DISABLE_KEYGUARD" /> <!-- SDK权限申明, 第三方APP接入时，请将com.zxn.netease.nimsdk替换为自己的包名 -->
61-->[:netease-nimsdk] AndroidManifest.xml:47:5-75
61-->[:netease-nimsdk] AndroidManifest.xml:47:22-72
62    <!-- 和下面的uses-permission一起加入到你的AndroidManifest文件中。 -->
63    <permission
63-->[:netease-nimsdk] AndroidManifest.xml:55:5-57:47
64        android:name="com.zxn.netease.nimsdk.permission.RECEIVE_MSG"
64-->[:netease-nimsdk] AndroidManifest.xml:56:9-69
65        android:protectionLevel="signature" /> <!-- 接受SDK消息广播权限， 第三方APP接入时，请将com.zxn.netease.nimsdk替换为自己的包名 -->
65-->[:netease-nimsdk] AndroidManifest.xml:57:9-44
66    <uses-permission android:name="com.zxn.netease.nimsdk.permission.RECEIVE_MSG" /> <!-- 小米推送 -->
66-->[:netease-nimsdk] AndroidManifest.xml:60:5-85
66-->[:netease-nimsdk] AndroidManifest.xml:60:22-82
67    <permission
67-->[:netease-nimsdk] AndroidManifest.xml:63:5-65:47
68        android:name="com.zxn.netease.nimsdk.permission.MIPUSH_RECEIVE"
68-->[:netease-nimsdk] AndroidManifest.xml:64:9-72
69        android:protectionLevel="signature" />
69-->[:netease-nimsdk] AndroidManifest.xml:65:9-44
70
71    <uses-permission android:name="com.zxn.netease.nimsdk.permission.MIPUSH_RECEIVE" /> <!-- 魅族推送 -->
71-->[:netease-nimsdk] AndroidManifest.xml:67:5-88
71-->[:netease-nimsdk] AndroidManifest.xml:67:22-85
72    <!-- 兼容 Flyme5 以下版本，魅族内部接入 PushSDK 必填，不然无法收到消息 -->
73    <uses-permission android:name="com.meizu.flyme.push.permission.RECEIVE" />
73-->[:netease-nimsdk] AndroidManifest.xml:71:5-79
73-->[:netease-nimsdk] AndroidManifest.xml:71:22-76
74
75    <permission
75-->[:netease-nimsdk] AndroidManifest.xml:73:5-75:47
76        android:name="com.zxn.netease.nimsdk.push.permission.MESSAGE"
76-->[:netease-nimsdk] AndroidManifest.xml:74:9-70
77        android:protectionLevel="signature" />
77-->[:netease-nimsdk] AndroidManifest.xml:75:9-44
78
79    <uses-permission android:name="com.zxn.netease.nimsdk.push.permission.MESSAGE" /> <!-- 兼容 Flyme3 配置权限 -->
79-->[:netease-nimsdk] AndroidManifest.xml:77:5-86
79-->[:netease-nimsdk] AndroidManifest.xml:77:22-83
80    <uses-permission android:name="com.meizu.c2dm.permission.RECEIVE" />
80-->[:netease-nimsdk] AndroidManifest.xml:79:5-73
80-->[:netease-nimsdk] AndroidManifest.xml:79:22-70
81
82    <permission
82-->[:netease-nimsdk] AndroidManifest.xml:81:5-83:47
83        android:name="com.zxn.netease.nimsdk.permission.C2D_MESSAGE"
83-->[:netease-nimsdk] AndroidManifest.xml:82:9-69
84        android:protectionLevel="signature" />
84-->[:netease-nimsdk] AndroidManifest.xml:83:9-44
85
86    <uses-permission android:name="com.zxn.netease.nimsdk.permission.C2D_MESSAGE" />
86-->[:netease-nimsdk] AndroidManifest.xml:85:5-85
86-->[:netease-nimsdk] AndroidManifest.xml:85:22-82
87    <uses-permission android:name="com.heytap.mcs.permission.RECIEVE_MCS_MESSAGE" />
87-->[:netease-nimsdk] AndroidManifest.xml:89:5-85
87-->[:netease-nimsdk] AndroidManifest.xml:89:22-82
88    <uses-permission android:name="com.google.android.finsky.permission.BIND_GET_INSTALL_REFERRER_SERVICE" /> <!-- for android -->
88-->[com.google.android.gms:play-services-measurement:17.2.3] AndroidManifest.xml:26:5-110
88-->[com.google.android.gms:play-services-measurement:17.2.3] AndroidManifest.xml:26:22-107
89    <!-- <uses-permission android:name="com.android.launcher.permission.READ_SETTINGS"/> -->
90    <!-- <uses-permission android:name="com.android.launcher.permission.WRITE_SETTINGS"/> -->
91    <!-- <uses-permission android:name="com.android.launcher.permission.INSTALL_SHORTCUT" /> -->
92    <!-- <uses-permission android:name="com.android.launcher.permission.UNINSTALL_SHORTCUT" /> -->
93    <!-- for Samsung -->
94    <uses-permission android:name="com.sec.android.provider.badge.permission.READ" />
94-->[me.leolin:ShortcutBadger:1.1.22] AndroidManifest.xml:19:5-86
94-->[me.leolin:ShortcutBadger:1.1.22] AndroidManifest.xml:19:22-83
95    <uses-permission android:name="com.sec.android.provider.badge.permission.WRITE" /> <!-- for htc -->
95-->[me.leolin:ShortcutBadger:1.1.22] AndroidManifest.xml:20:5-87
95-->[me.leolin:ShortcutBadger:1.1.22] AndroidManifest.xml:20:22-84
96    <uses-permission android:name="com.htc.launcher.permission.READ_SETTINGS" />
96-->[me.leolin:ShortcutBadger:1.1.22] AndroidManifest.xml:23:5-81
96-->[me.leolin:ShortcutBadger:1.1.22] AndroidManifest.xml:23:22-78
97    <uses-permission android:name="com.htc.launcher.permission.UPDATE_SHORTCUT" /> <!-- for sony -->
97-->[me.leolin:ShortcutBadger:1.1.22] AndroidManifest.xml:24:5-83
97-->[me.leolin:ShortcutBadger:1.1.22] AndroidManifest.xml:24:22-80
98    <uses-permission android:name="com.sonyericsson.home.permission.BROADCAST_BADGE" />
98-->[me.leolin:ShortcutBadger:1.1.22] AndroidManifest.xml:27:5-88
98-->[me.leolin:ShortcutBadger:1.1.22] AndroidManifest.xml:27:22-85
99    <uses-permission android:name="com.sonymobile.home.permission.PROVIDER_INSERT_BADGE" /> <!-- for apex -->
99-->[me.leolin:ShortcutBadger:1.1.22] AndroidManifest.xml:28:5-92
99-->[me.leolin:ShortcutBadger:1.1.22] AndroidManifest.xml:28:22-89
100    <uses-permission android:name="com.anddoes.launcher.permission.UPDATE_COUNT" /> <!-- for solid -->
100-->[me.leolin:ShortcutBadger:1.1.22] AndroidManifest.xml:31:5-84
100-->[me.leolin:ShortcutBadger:1.1.22] AndroidManifest.xml:31:22-81
101    <uses-permission android:name="com.majeur.launcher.permission.UPDATE_BADGE" /> <!-- for huawei -->
101-->[me.leolin:ShortcutBadger:1.1.22] AndroidManifest.xml:34:5-83
101-->[me.leolin:ShortcutBadger:1.1.22] AndroidManifest.xml:34:22-80
102    <uses-permission android:name="com.huawei.android.launcher.permission.CHANGE_BADGE" />
102-->[me.leolin:ShortcutBadger:1.1.22] AndroidManifest.xml:37:5-91
102-->[me.leolin:ShortcutBadger:1.1.22] AndroidManifest.xml:37:22-88
103    <uses-permission android:name="com.huawei.android.launcher.permission.READ_SETTINGS" />
103-->[me.leolin:ShortcutBadger:1.1.22] AndroidManifest.xml:38:5-92
103-->[me.leolin:ShortcutBadger:1.1.22] AndroidManifest.xml:38:22-89
104    <uses-permission android:name="com.huawei.android.launcher.permission.WRITE_SETTINGS" /> <!-- for ZUK -->
104-->[me.leolin:ShortcutBadger:1.1.22] AndroidManifest.xml:39:5-93
104-->[me.leolin:ShortcutBadger:1.1.22] AndroidManifest.xml:39:22-90
105    <uses-permission android:name="android.permission.READ_APP_BADGE" /> <!-- for OPPO -->
105-->[me.leolin:ShortcutBadger:1.1.22] AndroidManifest.xml:42:5-73
105-->[me.leolin:ShortcutBadger:1.1.22] AndroidManifest.xml:42:22-70
106    <uses-permission android:name="com.oppo.launcher.permission.READ_SETTINGS" />
106-->[me.leolin:ShortcutBadger:1.1.22] AndroidManifest.xml:45:5-82
106-->[me.leolin:ShortcutBadger:1.1.22] AndroidManifest.xml:45:22-79
107    <uses-permission android:name="com.oppo.launcher.permission.WRITE_SETTINGS" /> <!-- for EvMe -->
107-->[me.leolin:ShortcutBadger:1.1.22] AndroidManifest.xml:46:5-83
107-->[me.leolin:ShortcutBadger:1.1.22] AndroidManifest.xml:46:22-80
108    <uses-permission android:name="me.everything.badger.permission.BADGE_COUNT_READ" />
108-->[me.leolin:ShortcutBadger:1.1.22] AndroidManifest.xml:49:5-88
108-->[me.leolin:ShortcutBadger:1.1.22] AndroidManifest.xml:49:22-85
109    <uses-permission android:name="me.everything.badger.permission.BADGE_COUNT_WRITE" />
109-->[me.leolin:ShortcutBadger:1.1.22] AndroidManifest.xml:50:5-89
109-->[me.leolin:ShortcutBadger:1.1.22] AndroidManifest.xml:50:22-86
110    <uses-permission android:name="android.permission.INTERACT_ACROSS_USERS" /> <!-- 应用市场9.0版本必须使用该权限获取用户的服务地 -->
110-->[com.netease.nimlib:basesdk:8.0.0] AndroidManifest.xml:18:5-80
110-->[com.netease.nimlib:basesdk:8.0.0] AndroidManifest.xml:18:22-77
111    <uses-permission android:name="com.huawei.appmarket.service.commondata.permission.GET_COMMON_DATA" />
111-->[com.huawei.hms:availableupdate:4.0.4.300] AndroidManifest.xml:18:5-106
111-->[com.huawei.hms:availableupdate:4.0.4.300] AndroidManifest.xml:18:22-103
112
113    <application
113-->src\main\AndroidManifest.xml:7:5-499:19
114        android:name="com.netease.nim.demo.NimApplication"
114-->src\main\AndroidManifest.xml:8:9-59
115        android:allowBackup="true"
115-->src\main\AndroidManifest.xml:9:9-35
116        android:appComponentFactory="androidx.core.app.CoreComponentFactory"
116-->[androidx.core:core:1.5.0-alpha04] AndroidManifest.xml:24:18-86
117        android:debuggable="true"
118        android:icon="@drawable/ic_logo"
118-->src\main\AndroidManifest.xml:11:9-41
119        android:label="@string/app_name"
119-->src\main\AndroidManifest.xml:12:9-41
120        android:supportsRtl="true"
120-->[com.netease.nimlib:jsbridge:1.3.1] AndroidManifest.xml:14:9-35
121        android:testOnly="true"
122        android:theme="@style/AppTheme.NoActionBar"
122-->src\main\AndroidManifest.xml:13:9-52
123        android:usesCleartextTraffic="true" >
123-->src\main\AndroidManifest.xml:10:9-44
124        <meta-data
125            android:name="com.amap.api.v2.apikey"
125-->src\main\AndroidManifest.xml:16:13-50
126            android:value="09fd4efd3e28e9bf1f449ecec7d34bfe" />
126-->src\main\AndroidManifest.xml:17:13-40
127        <meta-data
127-->src\main\AndroidManifest.xml:19:9-21:54
128            android:name="com.netease.nim.appKey"
128-->src\main\AndroidManifest.xml:20:13-50
129            android:value="45c6af3c98409b18a84451215d0bdd6e" />
129-->src\main\AndroidManifest.xml:21:4-52
130        <!-- 45c6af3c98409b18a84451215d0bdd6e -->
131        <!-- 40b5f5ff9dc3e53d5568bfd5531ba085 -->
132
133        <uses-library
133-->src\main\AndroidManifest.xml:25:9-27:39
134            android:name="com.google.android.maps"
134-->src\main\AndroidManifest.xml:26:13-51
135            android:required="false" />
135-->src\main\AndroidManifest.xml:27:13-37
136
137        <!-- 金融魔方SDK 渠道id以及红包名称 -->
138        <meta-data
138-->src\main\AndroidManifest.xml:30:9-32:48
139            android:name="JRMF_PARTNER_NAME"
139-->src\main\AndroidManifest.xml:31:13-45
140            android:value="yunxin_red_packet" />
140-->src\main\AndroidManifest.xml:32:13-46
141
142        <!-- 全面屏配置 -->
143        <meta-data
143-->src\main\AndroidManifest.xml:35:9-37:34
144            android:name="android.max_aspect"
144-->src\main\AndroidManifest.xml:36:13-46
145            android:value="2.1" />
145-->src\main\AndroidManifest.xml:37:13-32
146
147        <!-- 导航页 -->
148        <activity
148-->src\main\AndroidManifest.xml:40:9-55:20
149            android:name="com.netease.nim.demo.main.activity.WelcomeActivity"
149-->src\main\AndroidManifest.xml:41:13-78
150            android:configChanges="keyboardHidden|orientation"
150-->src\main\AndroidManifest.xml:42:13-63
151            android:hardwareAccelerated="true"
151-->src\main\AndroidManifest.xml:43:13-47
152            android:label="@string/app_name"
152-->src\main\AndroidManifest.xml:44:13-45
153            android:launchMode="singleTop"
153-->src\main\AndroidManifest.xml:45:13-43
154            android:screenOrientation="portrait"
154-->src\main\AndroidManifest.xml:46:13-49
155            android:theme="@style/WelcomeEntranceActionBarTheme"
155-->src\main\AndroidManifest.xml:47:13-65
156            android:windowSoftInputMode="adjustPan" >
156-->src\main\AndroidManifest.xml:48:13-52
157            <intent-filter>
157-->src\main\AndroidManifest.xml:49:13-54:29
158                <action android:name="android.intent.action.MAIN" />
158-->src\main\AndroidManifest.xml:50:17-68
158-->src\main\AndroidManifest.xml:50:25-66
159
160                <category android:name="android.intent.category.LAUNCHER" />
160-->src\main\AndroidManifest.xml:52:17-76
160-->src\main\AndroidManifest.xml:52:27-74
161                <category android:name="android.intent.category.MULTIWINDOW_LAUNCHER" />
161-->src\main\AndroidManifest.xml:53:17-88
161-->src\main\AndroidManifest.xml:53:27-86
162            </intent-filter>
163        </activity>
164
165        <!-- 主界面 -->
166        <activity
166-->src\main\AndroidManifest.xml:58:9-65:54
167            android:name="com.netease.nim.demo.main.activity.MainActivity"
167-->src\main\AndroidManifest.xml:59:13-75
168            android:configChanges="keyboardHidden|orientation"
168-->src\main\AndroidManifest.xml:60:13-63
169            android:hardwareAccelerated="true"
169-->src\main\AndroidManifest.xml:61:13-47
170            android:launchMode="singleTop"
170-->src\main\AndroidManifest.xml:62:13-43
171            android:screenOrientation="portrait"
171-->src\main\AndroidManifest.xml:63:13-49
172            android:theme="@style/AppTheme.NoActionBar"
172-->src\main\AndroidManifest.xml:64:13-56
173            android:windowSoftInputMode="adjustPan" />
173-->src\main\AndroidManifest.xml:65:13-52
174
175        <!-- 多端登录管理 -->
176        <activity
176-->src\main\AndroidManifest.xml:68:9-73:69
177            android:name="com.netease.nim.demo.main.activity.MultiportActivity"
177-->src\main\AndroidManifest.xml:69:13-80
178            android:configChanges="keyboardHidden|orientation"
178-->src\main\AndroidManifest.xml:70:13-63
179            android:screenOrientation="portrait"
179-->src\main\AndroidManifest.xml:71:13-49
180            android:theme="@style/AppTheme.NoActionBar"
180-->src\main\AndroidManifest.xml:72:13-56
181            android:windowSoftInputMode="adjustResize|stateHidden" />
181-->src\main\AndroidManifest.xml:73:13-67
182
183        <!-- 登录界面 -->
184        <activity
184-->src\main\AndroidManifest.xml:76:9-82:69
185            android:name="com.netease.nim.demo.login.LoginActivity"
185-->src\main\AndroidManifest.xml:77:13-68
186            android:configChanges="orientation"
186-->src\main\AndroidManifest.xml:78:13-48
187            android:label="@string/login"
187-->src\main\AndroidManifest.xml:79:13-42
188            android:screenOrientation="portrait"
188-->src\main\AndroidManifest.xml:80:13-49
189            android:theme="@style/LoginTheme"
189-->src\main\AndroidManifest.xml:81:13-46
190            android:windowSoftInputMode="adjustResize|stateHidden" />
190-->src\main\AndroidManifest.xml:82:13-67
191
192        <!-- 关于 -->
193        <activity
193-->src\main\AndroidManifest.xml:85:9-91:74
194            android:name="com.netease.nim.demo.main.activity.AboutActivity"
194-->src\main\AndroidManifest.xml:86:13-76
195            android:configChanges="orientation"
195-->src\main\AndroidManifest.xml:87:13-48
196            android:label="@string/about"
196-->src\main\AndroidManifest.xml:88:13-42
197            android:screenOrientation="portrait"
197-->src\main\AndroidManifest.xml:89:13-49
198            android:theme="@style/AppTheme.NoActionBar"
198-->src\main\AndroidManifest.xml:90:13-56
199            android:windowSoftInputMode="adjustUnspecified|stateHidden" />
199-->src\main\AndroidManifest.xml:91:13-72
200        <activity
200-->src\main\AndroidManifest.xml:93:9-98:62
201            android:name="com.netease.nim.demo.main.activity.SettingsActivity"
201-->src\main\AndroidManifest.xml:94:13-79
202            android:configChanges="orientation"
202-->src\main\AndroidManifest.xml:95:13-48
203            android:screenOrientation="portrait"
203-->src\main\AndroidManifest.xml:96:13-49
204            android:theme="@style/AppTheme.NoActionBar"
204-->src\main\AndroidManifest.xml:97:13-56
205            android:windowSoftInputMode="stateAlwaysHidden" />
205-->src\main\AndroidManifest.xml:98:13-60
206        <activity
206-->src\main\AndroidManifest.xml:100:9-105:62
207            android:name="com.netease.nim.demo.main.activity.RecentSessionActivity"
207-->src\main\AndroidManifest.xml:101:13-84
208            android:configChanges="orientation"
208-->src\main\AndroidManifest.xml:102:13-48
209            android:screenOrientation="portrait"
209-->src\main\AndroidManifest.xml:103:13-49
210            android:theme="@style/AppTheme.NoActionBar"
210-->src\main\AndroidManifest.xml:104:13-56
211            android:windowSoftInputMode="stateAlwaysHidden" />
211-->src\main\AndroidManifest.xml:105:13-60
212        <activity
212-->src\main\AndroidManifest.xml:107:9-112:74
213            android:name="com.netease.nim.demo.main.activity.NoDisturbActivity"
213-->src\main\AndroidManifest.xml:108:13-80
214            android:configChanges="orientation"
214-->src\main\AndroidManifest.xml:109:13-48
215            android:screenOrientation="portrait"
215-->src\main\AndroidManifest.xml:110:13-49
216            android:theme="@style/AppTheme.NoActionBar"
216-->src\main\AndroidManifest.xml:111:13-56
217            android:windowSoftInputMode="adjustUnspecified|stateHidden" />
217-->src\main\AndroidManifest.xml:112:13-72
218        <activity
218-->src\main\AndroidManifest.xml:114:9-119:74
219            android:name="com.netease.nim.demo.contact.activity.AddFriendActivity"
219-->src\main\AndroidManifest.xml:115:13-83
220            android:configChanges="orientation"
220-->src\main\AndroidManifest.xml:116:13-48
221            android:screenOrientation="portrait"
221-->src\main\AndroidManifest.xml:117:13-49
222            android:theme="@style/AppTheme.NoActionBar"
222-->src\main\AndroidManifest.xml:118:13-56
223            android:windowSoftInputMode="adjustUnspecified|stateHidden" />
223-->src\main\AndroidManifest.xml:119:13-72
224        <activity
224-->src\main\AndroidManifest.xml:121:9-126:74
225            android:name="com.netease.nim.demo.contact.activity.UserProfileActivity"
225-->src\main\AndroidManifest.xml:122:13-85
226            android:configChanges="orientation"
226-->src\main\AndroidManifest.xml:123:13-48
227            android:screenOrientation="portrait"
227-->src\main\AndroidManifest.xml:124:13-49
228            android:theme="@style/AppTheme.NoActionBar"
228-->src\main\AndroidManifest.xml:125:13-56
229            android:windowSoftInputMode="adjustUnspecified|stateHidden" />
229-->src\main\AndroidManifest.xml:126:13-72
230        <activity
230-->src\main\AndroidManifest.xml:128:9-133:74
231            android:name="com.netease.nim.demo.contact.activity.UserProfileSettingActivity"
231-->src\main\AndroidManifest.xml:129:13-92
232            android:configChanges="orientation"
232-->src\main\AndroidManifest.xml:130:13-48
233            android:screenOrientation="portrait"
233-->src\main\AndroidManifest.xml:131:13-49
234            android:theme="@style/AppTheme.NoActionBar"
234-->src\main\AndroidManifest.xml:132:13-56
235            android:windowSoftInputMode="adjustUnspecified|stateHidden" />
235-->src\main\AndroidManifest.xml:133:13-72
236        <activity
236-->src\main\AndroidManifest.xml:135:9-140:74
237            android:name="com.netease.nim.demo.contact.activity.UserProfileEditItemActivity"
237-->src\main\AndroidManifest.xml:136:13-93
238            android:configChanges="orientation"
238-->src\main\AndroidManifest.xml:137:13-48
239            android:screenOrientation="portrait"
239-->src\main\AndroidManifest.xml:138:13-49
240            android:theme="@style/AppTheme.NoActionBar"
240-->src\main\AndroidManifest.xml:139:13-56
241            android:windowSoftInputMode="adjustUnspecified|stateHidden" />
241-->src\main\AndroidManifest.xml:140:13-72
242        <activity
242-->src\main\AndroidManifest.xml:142:9-147:74
243            android:name="com.netease.nim.demo.contact.activity.BlackListActivity"
243-->src\main\AndroidManifest.xml:143:13-83
244            android:configChanges="orientation"
244-->src\main\AndroidManifest.xml:144:13-48
245            android:screenOrientation="portrait"
245-->src\main\AndroidManifest.xml:145:13-49
246            android:theme="@style/AppTheme.NoActionBar"
246-->src\main\AndroidManifest.xml:146:13-56
247            android:windowSoftInputMode="adjustUnspecified|stateHidden" />
247-->src\main\AndroidManifest.xml:147:13-72
248
249        <!-- 文件管理器 -->
250        <activity
250-->src\main\AndroidManifest.xml:150:9-156:74
251            android:name="com.netease.nim.demo.file.browser.FileBrowserActivity"
251-->src\main\AndroidManifest.xml:151:13-81
252            android:configChanges="orientation"
252-->src\main\AndroidManifest.xml:152:13-48
253            android:label="@string/file_browser"
253-->src\main\AndroidManifest.xml:153:13-49
254            android:screenOrientation="portrait"
254-->src\main\AndroidManifest.xml:154:13-49
255            android:theme="@style/AppTheme.NoActionBar"
255-->src\main\AndroidManifest.xml:155:13-56
256            android:windowSoftInputMode="adjustUnspecified|stateHidden" />
256-->src\main\AndroidManifest.xml:156:13-72
257        <activity
257-->src\main\AndroidManifest.xml:158:9-163:69
258            android:name="com.netease.nim.demo.main.activity.SystemMessageActivity"
258-->src\main\AndroidManifest.xml:159:13-84
259            android:configChanges="keyboardHidden|orientation"
259-->src\main\AndroidManifest.xml:160:13-63
260            android:screenOrientation="portrait"
260-->src\main\AndroidManifest.xml:161:13-49
261            android:theme="@style/AppTheme.NoActionBar"
261-->src\main\AndroidManifest.xml:162:13-56
262            android:windowSoftInputMode="stateHidden|adjustResize" />
262-->src\main\AndroidManifest.xml:163:13-67
263        <activity
263-->src\main\AndroidManifest.xml:164:9-169:69
264            android:name="com.netease.nim.demo.main.activity.CustomNotificationActivity"
264-->src\main\AndroidManifest.xml:165:13-89
265            android:configChanges="keyboardHidden|orientation"
265-->src\main\AndroidManifest.xml:166:13-63
266            android:screenOrientation="portrait"